{"C:\\Users\\Paolo Flores\\Desktop\\Udemy\\Juan-Torre\\react-ts\\15-rest-api-node-ts-server-testing\\src\\router.ts": {"path":"C:\\Users\\Paolo Flores\\Desktop\\Udemy\\Juan-Torre\\react-ts\\15-rest-api-node-ts-server-testing\\src\\router.ts","statementMap":{"0":{"start":{"line":1,"column":0},"end":{"line":1,"column":33}},"1":{"start":{"line":2,"column":0},"end":{"line":2,"column":48}},"2":{"start":{"line":3,"column":0},"end":{"line":3,"column":132}},"3":{"start":{"line":4,"column":0},"end":{"line":4,"column":49}},"4":{"start":{"line":6,"column":15},"end":{"line":6,"column":23}},"5":{"start":{"line":12,"column":0},"end":{"line":12,"column":29}},"6":{"start":{"line":14,"column":0},"end":{"line":20,"column":2}},"7":{"start":{"line":22,"column":0},"end":{"line":33,"column":2}},"8":{"start":{"line":30,"column":21},"end":{"line":30,"column":30}},"9":{"start":{"line":36,"column":0},"end":{"line":48,"column":2}},"10":{"start":{"line":43,"column":19},"end":{"line":43,"column":28}},"11":{"start":{"line":50,"column":0},"end":{"line":54,"column":2}},"12":{"start":{"line":56,"column":0},"end":{"line":60,"column":2}},"13":{"start":{"line":62,"column":0},"end":{"line":62,"column":22}}},"fnMap":{"0":{"name":"(anonymous_0)","decl":{"start":{"line":30,"column":12},"end":{"line":30,"column":17}},"loc":{"start":{"line":30,"column":21},"end":{"line":30,"column":30}}},"1":{"name":"(anonymous_1)","decl":{"start":{"line":43,"column":10},"end":{"line":43,"column":15}},"loc":{"start":{"line":43,"column":19},"end":{"line":43,"column":28}}}},"branchMap":{},"s":{"0":2,"1":2,"2":2,"3":2,"4":2,"5":2,"6":2,"7":2,"8":4,"9":2,"10":5,"11":2,"12":2,"13":2},"f":{"0":4,"1":5},"b":{}}
,"C:\\Users\\Paolo Flores\\Desktop\\Udemy\\Juan-Torre\\react-ts\\15-rest-api-node-ts-server-testing\\src\\server.ts": {"path":"C:\\Users\\Paolo Flores\\Desktop\\Udemy\\Juan-Torre\\react-ts\\15-rest-api-node-ts-server-testing\\src\\server.ts","statementMap":{"0":{"start":{"line":7,"column":0},"end":{"line":7,"column":7}},"1":{"start":{"line":1,"column":0},"end":{"line":1,"column":30}},"2":{"start":{"line":2,"column":0},"end":{"line":2,"column":28}},"3":{"start":{"line":3,"column":0},"end":{"line":3,"column":30}},"4":{"start":{"line":4,"column":0},"end":{"line":4,"column":29}},"5":{"start":{"line":8,"column":2},"end":{"line":20,"column":3}},"6":{"start":{"line":10,"column":4},"end":{"line":10,"column":28}},"7":{"start":{"line":13,"column":4},"end":{"line":13,"column":14}},"8":{"start":{"line":19,"column":4},"end":{"line":19,"column":81}},"9":{"start":{"line":23,"column":0},"end":{"line":23,"column":12}},"10":{"start":{"line":26,"column":15},"end":{"line":26,"column":24}},"11":{"start":{"line":29,"column":0},"end":{"line":29,"column":27}},"12":{"start":{"line":30,"column":0},"end":{"line":30,"column":36}},"13":{"start":{"line":32,"column":0},"end":{"line":34,"column":null}},"14":{"start":{"line":33,"column":2},"end":{"line":33,"column":null}},"15":{"start":{"line":36,"column":0},"end":{"line":36,"column":22}}},"fnMap":{"0":{"name":"connectDB","decl":{"start":{"line":7,"column":22},"end":{"line":7,"column":31}},"loc":{"start":{"line":7,"column":31},"end":{"line":21,"column":1}}},"1":{"name":"(anonymous_2)","decl":{"start":{"line":32,"column":19},"end":{"line":32,"column":20}},"loc":{"start":{"line":32,"column":41},"end":{"line":34,"column":1}}}},"branchMap":{},"s":{"0":2,"1":2,"2":2,"3":2,"4":2,"5":3,"6":3,"7":2,"8":1,"9":2,"10":2,"11":2,"12":2,"13":2,"14":1,"15":2},"f":{"0":3,"1":1},"b":{}}
,"C:\\Users\\Paolo Flores\\Desktop\\Udemy\\Juan-Torre\\react-ts\\15-rest-api-node-ts-server-testing\\src\\config\\db.ts": {"path":"C:\\Users\\Paolo Flores\\Desktop\\Udemy\\Juan-Torre\\react-ts\\15-rest-api-node-ts-server-testing\\src\\config\\db.ts","statementMap":{"0":{"start":{"line":1,"column":0},"end":{"line":1,"column":49}},"1":{"start":{"line":2,"column":0},"end":{"line":2,"column":28}},"2":{"start":{"line":4,"column":0},"end":{"line":4,"column":16}},"3":{"start":{"line":8,"column":11},"end":{"line":11,"column":2}},"4":{"start":{"line":13,"column":0},"end":{"line":13,"column":18}}},"fnMap":{},"branchMap":{},"s":{"0":2,"1":2,"2":2,"3":2,"4":2},"f":{},"b":{}}
,"C:\\Users\\Paolo Flores\\Desktop\\Udemy\\Juan-Torre\\react-ts\\15-rest-api-node-ts-server-testing\\src\\handlers\\products.ts": {"path":"C:\\Users\\Paolo Flores\\Desktop\\Udemy\\Juan-Torre\\react-ts\\15-rest-api-node-ts-server-testing\\src\\handlers\\products.ts","statementMap":{"0":{"start":{"line":2,"column":0},"end":{"line":2,"column":46}},"1":{"start":{"line":4,"column":27},"end":{"line":23,"column":1}},"2":{"start":{"line":16,"column":19},"end":{"line":21,"column":4}},"3":{"start":{"line":22,"column":2},"end":{"line":22,"column":34}},"4":{"start":{"line":4,"column":13},"end":{"line":4,"column":27}},"5":{"start":{"line":25,"column":31},"end":{"line":36,"column":1}},"6":{"start":{"line":26,"column":24},"end":{"line":26,"column":38}},"7":{"start":{"line":27,"column":18},"end":{"line":27,"column":51}},"8":{"start":{"line":29,"column":2},"end":{"line":33,"column":3}},"9":{"start":{"line":30,"column":4},"end":{"line":32,"column":null}},"10":{"start":{"line":35,"column":2},"end":{"line":35,"column":33}},"11":{"start":{"line":25,"column":13},"end":{"line":25,"column":31}},"12":{"start":{"line":38,"column":29},"end":{"line":55,"column":1}},"13":{"start":{"line":53,"column":18},"end":{"line":53,"column":52}},"14":{"start":{"line":54,"column":2},"end":{"line":54,"column":45}},"15":{"start":{"line":38,"column":13},"end":{"line":38,"column":29}},"16":{"start":{"line":57,"column":29},"end":{"line":72,"column":1}},"17":{"start":{"line":58,"column":24},"end":{"line":58,"column":38}},"18":{"start":{"line":59,"column":18},"end":{"line":59,"column":51}},"19":{"start":{"line":61,"column":2},"end":{"line":65,"column":3}},"20":{"start":{"line":62,"column":4},"end":{"line":64,"column":null}},"21":{"start":{"line":68,"column":2},"end":{"line":68,"column":37}},"22":{"start":{"line":69,"column":2},"end":{"line":69,"column":23}},"23":{"start":{"line":71,"column":2},"end":{"line":71,"column":33}},"24":{"start":{"line":57,"column":13},"end":{"line":57,"column":29}},"25":{"start":{"line":74,"column":34},"end":{"line":92,"column":1}},"26":{"start":{"line":75,"column":24},"end":{"line":75,"column":38}},"27":{"start":{"line":76,"column":18},"end":{"line":76,"column":51}},"28":{"start":{"line":78,"column":2},"end":{"line":82,"column":3}},"29":{"start":{"line":79,"column":4},"end":{"line":81,"column":null}},"30":{"start":{"line":88,"column":2},"end":{"line":88,"column":58}},"31":{"start":{"line":89,"column":2},"end":{"line":89,"column":23}},"32":{"start":{"line":91,"column":2},"end":{"line":91,"column":33}},"33":{"start":{"line":74,"column":13},"end":{"line":74,"column":34}},"34":{"start":{"line":94,"column":29},"end":{"line":108,"column":1}},"35":{"start":{"line":95,"column":24},"end":{"line":95,"column":38}},"36":{"start":{"line":96,"column":18},"end":{"line":96,"column":51}},"37":{"start":{"line":98,"column":2},"end":{"line":102,"column":3}},"38":{"start":{"line":99,"column":4},"end":{"line":101,"column":null}},"39":{"start":{"line":105,"column":2},"end":{"line":105,"column":26}},"40":{"start":{"line":107,"column":2},"end":{"line":107,"column":57}},"41":{"start":{"line":94,"column":13},"end":{"line":94,"column":29}}},"fnMap":{"0":{"name":"(anonymous_1)","decl":{"start":{"line":4,"column":27},"end":{"line":4,"column":32}},"loc":{"start":{"line":4,"column":74},"end":{"line":23,"column":1}}},"1":{"name":"(anonymous_2)","decl":{"start":{"line":25,"column":31},"end":{"line":25,"column":36}},"loc":{"start":{"line":25,"column":78},"end":{"line":36,"column":1}}},"2":{"name":"(anonymous_3)","decl":{"start":{"line":38,"column":29},"end":{"line":38,"column":34}},"loc":{"start":{"line":38,"column":76},"end":{"line":55,"column":1}}},"3":{"name":"(anonymous_4)","decl":{"start":{"line":57,"column":29},"end":{"line":57,"column":34}},"loc":{"start":{"line":57,"column":76},"end":{"line":72,"column":1}}},"4":{"name":"(anonymous_5)","decl":{"start":{"line":74,"column":34},"end":{"line":74,"column":39}},"loc":{"start":{"line":74,"column":81},"end":{"line":92,"column":1}}},"5":{"name":"(anonymous_6)","decl":{"start":{"line":94,"column":29},"end":{"line":94,"column":34}},"loc":{"start":{"line":94,"column":76},"end":{"line":108,"column":1}}}},"branchMap":{"0":{"loc":{"start":{"line":29,"column":2},"end":{"line":33,"column":3}},"type":"if","locations":[{"start":{"line":29,"column":2},"end":{"line":33,"column":3}}]},"1":{"loc":{"start":{"line":61,"column":2},"end":{"line":65,"column":3}},"type":"if","locations":[{"start":{"line":61,"column":2},"end":{"line":65,"column":3}}]},"2":{"loc":{"start":{"line":78,"column":2},"end":{"line":82,"column":3}},"type":"if","locations":[{"start":{"line":78,"column":2},"end":{"line":82,"column":3}}]},"3":{"loc":{"start":{"line":98,"column":2},"end":{"line":102,"column":3}},"type":"if","locations":[{"start":{"line":98,"column":2},"end":{"line":102,"column":3}}]}},"s":{"0":2,"1":2,"2":2,"3":2,"4":2,"5":2,"6":2,"7":2,"8":2,"9":1,"10":1,"11":2,"12":2,"13":1,"14":1,"15":2,"16":2,"17":2,"18":2,"19":2,"20":1,"21":1,"22":1,"23":1,"24":2,"25":2,"26":2,"27":2,"28":2,"29":1,"30":1,"31":1,"32":1,"33":2,"34":2,"35":2,"36":2,"37":2,"38":1,"39":1,"40":1,"41":2},"f":{"0":2,"1":2,"2":1,"3":2,"4":2,"5":2},"b":{"0":[1],"1":[1],"2":[1],"3":[1]}}
,"C:\\Users\\Paolo Flores\\Desktop\\Udemy\\Juan-Torre\\react-ts\\15-rest-api-node-ts-server-testing\\src\\middleware\\index.ts": {"path":"C:\\Users\\Paolo Flores\\Desktop\\Udemy\\Juan-Torre\\react-ts\\15-rest-api-node-ts-server-testing\\src\\middleware\\index.ts","statementMap":{"0":{"start":{"line":2,"column":0},"end":{"line":2,"column":53}},"1":{"start":{"line":4,"column":33},"end":{"line":14,"column":1}},"2":{"start":{"line":5,"column":15},"end":{"line":5,"column":40}},"3":{"start":{"line":6,"column":2},"end":{"line":10,"column":3}},"4":{"start":{"line":7,"column":4},"end":{"line":9,"column":null}},"5":{"start":{"line":13,"column":2},"end":{"line":13,"column":9}},"6":{"start":{"line":4,"column":13},"end":{"line":4,"column":33}}},"fnMap":{"0":{"name":"(anonymous_0)","decl":{"start":{"line":4,"column":33},"end":{"line":4,"column":34}},"loc":{"start":{"line":4,"column":94},"end":{"line":14,"column":1}}}},"branchMap":{"0":{"loc":{"start":{"line":6,"column":2},"end":{"line":10,"column":3}},"type":"if","locations":[{"start":{"line":6,"column":2},"end":{"line":10,"column":3}}]}},"s":{"0":2,"1":2,"2":17,"3":17,"4":8,"5":9,"6":2},"f":{"0":17},"b":{"0":[8]}}
,"C:\\Users\\Paolo Flores\\Desktop\\Udemy\\Juan-Torre\\react-ts\\15-rest-api-node-ts-server-testing\\src\\models\\Product.model.ts": {"path":"C:\\Users\\Paolo Flores\\Desktop\\Udemy\\Juan-Torre\\react-ts\\15-rest-api-node-ts-server-testing\\src\\models\\Product.model.ts","statementMap":{"0":{"start":{"line":1,"column":0},"end":{"line":1,"column":79}},"1":{"start":{"line":7,"column":0},"end":{"line":23,"column":null}},"2":{"start":{"line":11,"column":10},"end":{"line":11,"column":null}},"3":{"start":{"line":16,"column":10},"end":{"line":16,"column":null}},"4":{"start":{"line":22,"column":10},"end":{"line":22,"column":null}},"5":{"start":{"line":7,"column":6},"end":{"line":23,"column":null}},"6":{"start":{"line":25,"column":0},"end":{"line":25,"column":23}}},"fnMap":{},"branchMap":{},"s":{"0":3,"1":3,"2":3,"3":3,"4":3,"5":3,"6":3},"f":{},"b":{}}
}
