TN:
SF:src\router.ts
FN:30,(anonymous_0)
FN:43,(anonymous_1)
FNF:2
FNH:2
FNDA:4,(anonymous_0)
FNDA:5,(anonymous_1)
DA:1,2
DA:2,2
DA:3,2
DA:4,2
DA:6,2
DA:12,2
DA:14,2
DA:22,2
DA:30,4
DA:36,2
DA:43,5
DA:50,2
DA:56,2
DA:62,2
LF:14
LH:14
BRF:0
BRH:0
end_of_record
TN:
SF:src\server.ts
FN:7,connectDB
FN:32,(anonymous_2)
FNF:2
FNH:2
FNDA:3,connectDB
FNDA:1,(anonymous_2)
DA:1,2
DA:2,2
DA:3,2
DA:4,2
DA:7,2
DA:8,3
DA:10,3
DA:13,2
DA:19,1
DA:23,2
DA:26,2
DA:29,2
DA:30,2
DA:32,2
DA:33,1
DA:36,2
LF:16
LH:16
BRF:0
BRH:0
end_of_record
TN:
SF:src\config\db.ts
FNF:0
FNH:0
DA:1,2
DA:2,2
DA:4,2
DA:8,2
DA:13,2
LF:5
LH:5
BRF:0
BRH:0
end_of_record
TN:
SF:src\handlers\products.ts
FN:4,(anonymous_1)
FN:25,(anonymous_2)
FN:38,(anonymous_3)
FN:57,(anonymous_4)
FN:74,(anonymous_5)
FN:94,(anonymous_6)
FNF:6
FNH:6
FNDA:2,(anonymous_1)
FNDA:2,(anonymous_2)
FNDA:1,(anonymous_3)
FNDA:2,(anonymous_4)
FNDA:2,(anonymous_5)
FNDA:2,(anonymous_6)
DA:2,2
DA:4,2
DA:16,2
DA:22,2
DA:25,2
DA:26,2
DA:27,2
DA:29,2
DA:30,1
DA:35,1
DA:38,2
DA:53,1
DA:54,1
DA:57,2
DA:58,2
DA:59,2
DA:61,2
DA:62,1
DA:68,1
DA:69,1
DA:71,1
DA:74,2
DA:75,2
DA:76,2
DA:78,2
DA:79,1
DA:88,1
DA:89,1
DA:91,1
DA:94,2
DA:95,2
DA:96,2
DA:98,2
DA:99,1
DA:105,1
DA:107,1
LF:36
LH:36
BRDA:29,0,0,1
BRDA:61,1,0,1
BRDA:78,2,0,1
BRDA:98,3,0,1
BRF:4
BRH:4
end_of_record
TN:
SF:src\middleware\index.ts
FN:4,(anonymous_0)
FNF:1
FNH:1
FNDA:17,(anonymous_0)
DA:2,2
DA:4,2
DA:5,17
DA:6,17
DA:7,8
DA:13,9
LF:6
LH:6
BRDA:6,0,0,8
BRF:1
BRH:1
end_of_record
TN:
SF:src\models\Product.model.ts
FNF:0
FNH:0
DA:1,3
DA:7,3
DA:11,3
DA:16,3
DA:22,3
DA:25,3
LF:6
LH:6
BRF:0
BRH:0
end_of_record
